d:\vsprojects\phonebook\phonebook\x64\release\phonebook.pch
d:\vsprojects\phonebook\phonebook\x64\release\vc141.pdb
d:\vsprojects\phonebook\phonebook\x64\release\stdafx.obj
d:\vsprojects\phonebook\phonebook\x64\release\phonetypesdocument.obj
d:\vsprojects\phonebook\phonebook\x64\release\phonetypesdlg.obj
d:\vsprojects\phonebook\phonebook\x64\release\phonetypesdata.obj
d:\vsprojects\phonebook\phonebook\x64\release\phonenumberstable.obj
d:\vsprojects\phonebook\phonebook\x64\release\phonenumbersdlg.obj
d:\vsprojects\phonebook\phonebook\x64\release\citiesview.obj
d:\vsprojects\phonebook\phonebook\x64\release\citiesdocument.obj
d:\vsprojects\phonebook\phonebook\x64\release\phonebook.obj
d:\vsprojects\phonebook\phonebook\x64\release\personwithnumbers.obj
d:\vsprojects\phonebook\phonebook\x64\release\personsview.obj
d:\vsprojects\phonebook\phonebook\x64\release\personstable.obj
d:\vsprojects\phonebook\phonebook\x64\release\personsdocument.obj
d:\vsprojects\phonebook\phonebook\x64\release\personsdlg.obj
d:\vsprojects\phonebook\phonebook\x64\release\personsdata.obj
d:\vsprojects\phonebook\phonebook\x64\release\mainfrm.obj
d:\vsprojects\phonebook\phonebook\x64\release\databaseconnection.obj
d:\vsprojects\phonebook\phonebook\x64\release\citiestable.obj
d:\vsprojects\phonebook\phonebook\x64\release\citiesdata.obj
d:\vsprojects\phonebook\phonebook\x64\release\childfrm.obj
d:\vsprojects\phonebook\phonebook\x64\release\citiesdlg.obj
d:\vsprojects\phonebook\phonebook\x64\release\updatehint.obj
d:\vsprojects\phonebook\phonebook\x64\release\phonetypesview.obj
d:\vsprojects\phonebook\phonebook\x64\release\phonetypesupdatehint.obj
d:\vsprojects\phonebook\phonebook\x64\release\phonetypestable.obj
d:\vsprojects\phonebook\phonebook\x64\release\compare.obj
d:\vsprojects\phonebook\phonebook\x64\release\qsortcontext.obj
d:\vsprojects\phonebook\x64\release\phonebook.exe
d:\vsprojects\phonebook\x64\release\phonebook.pdb
d:\vsprojects\phonebook\x64\release\phonebook.ipdb
d:\vsprojects\phonebook\x64\release\phonebook.iobj
d:\vsprojects\phonebook\phonebook\x64\release\phonebook.res
d:\vsprojects\phonebook\phonebook\x64\release\phonebook.tlog\cl.command.1.tlog
d:\vsprojects\phonebook\phonebook\x64\release\phonebook.tlog\cl.read.1.tlog
d:\vsprojects\phonebook\phonebook\x64\release\phonebook.tlog\cl.write.1.tlog
d:\vsprojects\phonebook\phonebook\x64\release\phonebook.tlog\link.command.1.tlog
d:\vsprojects\phonebook\phonebook\x64\release\phonebook.tlog\link.read.1.tlog
d:\vsprojects\phonebook\phonebook\x64\release\phonebook.tlog\link.write.1.tlog
d:\vsprojects\phonebook\phonebook\x64\release\phonebook.tlog\phonebook.write.1u.tlog
d:\vsprojects\phonebook\phonebook\x64\release\phonebook.tlog\rc.command.1.tlog
d:\vsprojects\phonebook\phonebook\x64\release\phonebook.tlog\rc.read.1.tlog
d:\vsprojects\phonebook\phonebook\x64\release\phonebook.tlog\rc.write.1.tlog
