d:\vsprojects\phonebook\phonebook\debug\phonebook.pch
d:\vsprojects\phonebook\phonebook\debug\vc141.pdb
d:\vsprojects\phonebook\phonebook\debug\vc141.idb
d:\vsprojects\phonebook\phonebook\debug\stdafx.obj
d:\vsprojects\phonebook\phonebook\debug\phonebookview.obj
d:\vsprojects\phonebook\phonebook\debug\phonebookdoc.obj
d:\vsprojects\phonebook\phonebook\debug\phonebook.obj
d:\vsprojects\phonebook\phonebook\debug\mainfrm.obj
d:\vsprojects\phonebook\phonebook\debug\databaseconnection.obj
d:\vsprojects\phonebook\phonebook\debug\citiestable.obj
d:\vsprojects\phonebook\phonebook\debug\childfrm.obj
d:\vsprojects\phonebook\debug\phonebook.ilk
d:\vsprojects\phonebook\debug\phonebook.exe
d:\vsprojects\phonebook\debug\phonebook.pdb
d:\vsprojects\phonebook\phonebook\debug\phonebook.res
d:\vsprojects\phonebook\phonebook\debug\phonebook.tlog\cl.command.1.tlog
d:\vsprojects\phonebook\phonebook\debug\phonebook.tlog\cl.read.1.tlog
d:\vsprojects\phonebook\phonebook\debug\phonebook.tlog\cl.write.1.tlog
d:\vsprojects\phonebook\phonebook\debug\phonebook.tlog\link.command.1.tlog
d:\vsprojects\phonebook\phonebook\debug\phonebook.tlog\link.read.1.tlog
d:\vsprojects\phonebook\phonebook\debug\phonebook.tlog\link.write.1.tlog
d:\vsprojects\phonebook\phonebook\debug\phonebook.tlog\rc.command.1.tlog
d:\vsprojects\phonebook\phonebook\debug\phonebook.tlog\rc.read.1.tlog
d:\vsprojects\phonebook\phonebook\debug\phonebook.tlog\rc.write.1.tlog
